2021-05-02 14:51:23 INFO  HelpDesk:33 - Attempting to log in as user: bob23
2021-05-02 14:51:24 INFO  HelpDesk:45 - --->  Successfully logged in as user bob23
2021-05-02 17:57:32 INFO  HelpDesk:33 - Attempting to log in as user: bob23
2021-05-02 17:57:33 INFO  HelpDesk:45 - --->  Successfully logged in as user bob23
2021-05-02 17:57:55 INFO  HelpDesk:33 - Attempting to log in as user: dadboy21
2021-05-02 17:57:56 INFO  HelpDesk:45 - --->  Successfully logged in as user dadboy21
2021-05-02 17:59:44 INFO  HelpDesk:33 - Attempting to log in as user: bob5
2021-05-02 17:59:48 INFO  HelpDesk:33 - Attempting to log in as user: bob5
2021-05-02 17:59:48 INFO  HelpDesk:45 - --->  Successfully logged in as user bob5
2021-05-02 18:00:44 INFO  HelpDesk:33 - Attempting to log in as user: dadboy21
2021-05-02 18:00:44 INFO  HelpDesk:45 - --->  Successfully logged in as user dadboy21
2021-05-02 18:19:33 INFO  HelpDesk:33 - Attempting to log in as user: bert23
2021-05-02 18:19:34 INFO  HelpDesk:45 - --->  Successfully logged in as user bert23
2021-05-02 18:21:44 INFO  HelpDesk:33 - Attempting to log in as user: dadboy21
2021-05-02 18:21:44 INFO  HelpDesk:45 - --->  Successfully logged in as user dadboy21
2021-05-02 19:30:51 INFO  HelpDesk:33 - Attempting to log in as user: bob23
2021-05-02 19:30:52 INFO  HelpDesk:45 - --->  Successfully logged in as user bob23
2021-05-02 19:31:17 INFO  HelpDesk:33 - Attempting to log in as user: frank10
2021-05-02 19:31:18 INFO  HelpDesk:45 - --->  Successfully logged in as user frank10
2021-05-02 19:39:58 INFO  HelpDesk:33 - Attempting to log in as user: bob23
2021-05-02 19:39:58 INFO  HelpDesk:45 - --->  Successfully logged in as user bob23
2021-05-02 19:45:17 INFO  HelpDesk:33 - Attempting to log in as user: bob23
2021-05-02 19:45:17 INFO  HelpDesk:45 - --->  Successfully logged in as user bob23
2021-05-02 19:49:10 INFO  HelpDesk:33 - Attempting to log in as user: sarah27
2021-05-02 19:49:10 INFO  HelpDesk:45 - --->  Successfully logged in as user sarah27
2021-05-02 20:21:43 INFO  HelpDesk:33 - Attempting to log in as user: cody29
2021-05-02 20:21:44 INFO  HelpDesk:45 - --->  Successfully logged in as user cody29
2021-05-02 21:23:27 INFO  HelpDesk:33 - Attempting to log in as user: bob33
2021-05-02 21:27:58 INFO  HelpDesk:33 - Attempting to log in as user: cody29
2021-05-02 21:27:58 INFO  HelpDesk:45 - --->  Successfully logged in as user cody29
2021-05-02 21:41:47 INFO  HelpDesk:33 - Attempting to log in as user: sarah60
2021-05-02 21:42:02 INFO  HelpDesk:33 - Attempting to log in as user: sarah60
2021-05-02 21:42:02 INFO  HelpDesk:45 - --->  Successfully logged in as user sarah60
2021-05-02 21:43:44 INFO  HelpDesk:33 - Attempting to log in as user: cody29
2021-05-02 21:43:45 INFO  HelpDesk:45 - --->  Successfully logged in as user cody29
2021-05-02 21:45:27 INFO  HelpDesk:33 - Attempting to log in as user: cody29
2021-05-02 21:45:27 INFO  HelpDesk:45 - --->  Successfully logged in as user cody29
2021-05-02 21:48:29 INFO  HelpDesk:33 - Attempting to log in as user: sarah70
2021-05-02 21:48:55 INFO  HelpDesk:33 - Attempting to log in as user: sarah70
2021-05-02 21:48:55 INFO  HelpDesk:45 - --->  Successfully logged in as user sarah70
2021-05-02 21:50:11 INFO  HelpDesk:33 - Attempting to log in as user: cody29
2021-05-02 21:50:11 INFO  HelpDesk:45 - --->  Successfully logged in as user cody29
2021-05-02 21:51:06 INFO  HelpDesk:33 - Attempting to log in as user: sarah70
2021-05-02 21:51:06 INFO  HelpDesk:45 - --->  Successfully logged in as user sarah70
2021-05-02 21:54:14 INFO  HelpDesk:33 - Attempting to log in as user: sarah80
2021-05-02 21:54:29 INFO  HelpDesk:33 - Attempting to log in as user: sarah80
2021-05-02 21:54:29 INFO  HelpDesk:45 - --->  Successfully logged in as user sarah80
2021-05-02 21:55:53 INFO  HelpDesk:33 - Attempting to log in as user: cody29
2021-05-02 21:55:53 INFO  HelpDesk:45 - --->  Successfully logged in as user cody29
2021-05-02 21:57:18 INFO  HelpDesk:33 - Attempting to log in as user: sarah80
2021-05-02 21:57:18 INFO  HelpDesk:45 - --->  Successfully logged in as user sarah80
